0 info it worked if it ends with ok
1 verbose cli [ '/usr/local/bin/node',
1 verbose cli   '/usr/local/bin/npm',
1 verbose cli   'install',
1 verbose cli   'v-localize@1.0.2' ]
2 info using npm@3.10.9
3 info using node@v6.9.2
4 silly loadCurrentTree Starting
5 silly install loadCurrentTree
6 silly install readLocalPackageData
7 silly fetchPackageMetaData v-localize@1.0.2
8 silly fetchNamedPackageData v-localize
9 silly mapToRegistry name v-localize
10 silly mapToRegistry using default registry
11 silly mapToRegistry registry https://registry.npmjs.org/
12 silly mapToRegistry data Result {
12 silly mapToRegistry   raw: 'v-localize',
12 silly mapToRegistry   scope: null,
12 silly mapToRegistry   escapedName: 'v-localize',
12 silly mapToRegistry   name: 'v-localize',
12 silly mapToRegistry   rawSpec: '',
12 silly mapToRegistry   spec: 'latest',
12 silly mapToRegistry   type: 'tag' }
13 silly mapToRegistry uri https://registry.npmjs.org/v-localize
14 verbose request uri https://registry.npmjs.org/v-localize
15 verbose request no auth needed
16 info attempt registry request try #1 at 12:12:37 AM
17 verbose request using bearer token for auth
18 verbose request id d95395c981d313d0
19 verbose etag W/"59224779-13f9"
20 verbose lastModified Mon, 22 May 2017 02:05:45 GMT
21 http request GET https://registry.npmjs.org/v-localize
22 http 304 https://registry.npmjs.org/v-localize
23 verbose headers { server: 'nginx/1.10.1',
23 verbose headers   'last-modified': 'Mon, 22 May 2017 02:05:45 GMT',
23 verbose headers   etag: '"59224779-13f9"',
23 verbose headers   'cache-control': 'max-age=300',
23 verbose headers   'accept-ranges': 'bytes',
23 verbose headers   date: 'Fri, 26 May 2017 04:12:37 GMT',
23 verbose headers   via: '1.1 varnish',
23 verbose headers   connection: 'keep-alive',
23 verbose headers   'x-served-by': 'cache-bos8231-BOS',
23 verbose headers   'x-cache': 'MISS',
23 verbose headers   'x-cache-hits': '0',
23 verbose headers   'x-timer': 'S1495771958.554916,VS0,VE38',
23 verbose headers   vary: 'Accept-Encoding' }
24 silly get cb [ 304,
24 silly get   { server: 'nginx/1.10.1',
24 silly get     'last-modified': 'Mon, 22 May 2017 02:05:45 GMT',
24 silly get     etag: '"59224779-13f9"',
24 silly get     'cache-control': 'max-age=300',
24 silly get     'accept-ranges': 'bytes',
24 silly get     date: 'Fri, 26 May 2017 04:12:37 GMT',
24 silly get     via: '1.1 varnish',
24 silly get     connection: 'keep-alive',
24 silly get     'x-served-by': 'cache-bos8231-BOS',
24 silly get     'x-cache': 'MISS',
24 silly get     'x-cache-hits': '0',
24 silly get     'x-timer': 'S1495771958.554916,VS0,VE38',
24 silly get     vary: 'Accept-Encoding' } ]
25 verbose etag https://registry.npmjs.org/v-localize from cache
26 verbose get saving v-localize to /home/john/.npm/registry.npmjs.org/v-localize/.cache.json
27 verbose correctMkdir /home/john/.npm correctMkdir not in flight; initializing
28 silly fetchNamedPackageData No valid target from cache, forcing network
29 verbose request uri https://registry.npmjs.org/v-localize
30 verbose request no auth needed
31 info attempt registry request try #1 at 12:12:37 AM
32 verbose request using bearer token for auth
33 http request GET https://registry.npmjs.org/v-localize
34 http 200 https://registry.npmjs.org/v-localize
35 verbose headers { server: 'nginx/1.10.1',
35 verbose headers   'content-type': 'application/json',
35 verbose headers   'last-modified': 'Mon, 22 May 2017 02:05:45 GMT',
35 verbose headers   etag: 'W/"59224779-13f9"',
35 verbose headers   'content-encoding': 'gzip',
35 verbose headers   'cache-control': 'max-age=300',
35 verbose headers   'transfer-encoding': 'chunked',
35 verbose headers   'accept-ranges': 'bytes',
35 verbose headers   date: 'Fri, 26 May 2017 04:12:38 GMT',
35 verbose headers   via: '1.1 varnish',
35 verbose headers   connection: 'keep-alive',
35 verbose headers   'x-served-by': 'cache-bos8231-BOS',
35 verbose headers   'x-cache': 'MISS',
35 verbose headers   'x-cache-hits': '0',
35 verbose headers   'x-timer': 'S1495771958.842680,VS0,VE159',
35 verbose headers   vary: 'Accept-Encoding' }
36 silly get cb [ 200,
36 silly get   { server: 'nginx/1.10.1',
36 silly get     'content-type': 'application/json',
36 silly get     'last-modified': 'Mon, 22 May 2017 02:05:45 GMT',
36 silly get     etag: 'W/"59224779-13f9"',
36 silly get     'content-encoding': 'gzip',
36 silly get     'cache-control': 'max-age=300',
36 silly get     'transfer-encoding': 'chunked',
36 silly get     'accept-ranges': 'bytes',
36 silly get     date: 'Fri, 26 May 2017 04:12:38 GMT',
36 silly get     via: '1.1 varnish',
36 silly get     connection: 'keep-alive',
36 silly get     'x-served-by': 'cache-bos8231-BOS',
36 silly get     'x-cache': 'MISS',
36 silly get     'x-cache-hits': '0',
36 silly get     'x-timer': 'S1495771958.842680,VS0,VE159',
36 silly get     vary: 'Accept-Encoding' } ]
37 verbose get saving v-localize to /home/john/.npm/registry.npmjs.org/v-localize/.cache.json
38 verbose correctMkdir /home/john/.npm correctMkdir not in flight; initializing
39 silly fetchPackageMetaData Error: No compatible version found: v-localize@1.0.2
39 silly fetchPackageMetaData Valid install targets:
39 silly fetchPackageMetaData 1.0.1, 1.0.0
39 silly fetchPackageMetaData
39 silly fetchPackageMetaData     at pickVersionFromRegistryDocument (/usr/local/lib/node_modules/npm/lib/fetch-package-metadata.js:178:16)
39 silly fetchPackageMetaData     at /usr/local/lib/node_modules/npm/node_modules/iferr/index.js:13:50
39 silly fetchPackageMetaData     at /usr/local/lib/node_modules/npm/lib/utils/pulse-till-done.js:20:8
39 silly fetchPackageMetaData     at saved (/usr/local/lib/node_modules/npm/lib/cache/caching-client.js:174:7)
39 silly fetchPackageMetaData     at /usr/local/lib/node_modules/npm/node_modules/graceful-fs/polyfills.js:241:18
39 silly fetchPackageMetaData     at FSReqWrap.oncomplete (fs.js:123:15)
39 silly fetchPackageMetaData  error for v-localize@1.0.2 { Error: No compatible version found: v-localize@1.0.2
39 silly fetchPackageMetaData Valid install targets:
39 silly fetchPackageMetaData 1.0.1, 1.0.0
39 silly fetchPackageMetaData
39 silly fetchPackageMetaData     at pickVersionFromRegistryDocument (/usr/local/lib/node_modules/npm/lib/fetch-package-metadata.js:178:16)
39 silly fetchPackageMetaData     at /usr/local/lib/node_modules/npm/node_modules/iferr/index.js:13:50
39 silly fetchPackageMetaData     at /usr/local/lib/node_modules/npm/lib/utils/pulse-till-done.js:20:8
39 silly fetchPackageMetaData     at saved (/usr/local/lib/node_modules/npm/lib/cache/caching-client.js:174:7)
39 silly fetchPackageMetaData     at /usr/local/lib/node_modules/npm/node_modules/graceful-fs/polyfills.js:241:18
39 silly fetchPackageMetaData     at FSReqWrap.oncomplete (fs.js:123:15) code: 'ETARGET' }
40 silly rollbackFailedOptional Starting
41 silly rollbackFailedOptional Finishing
42 silly runTopLevelLifecycles Finishing
43 silly install printInstalled
44 verbose stack Error: No compatible version found: v-localize@1.0.2
44 verbose stack Valid install targets:
44 verbose stack 1.0.1, 1.0.0
44 verbose stack
44 verbose stack     at pickVersionFromRegistryDocument (/usr/local/lib/node_modules/npm/lib/fetch-package-metadata.js:178:16)
44 verbose stack     at /usr/local/lib/node_modules/npm/node_modules/iferr/index.js:13:50
44 verbose stack     at /usr/local/lib/node_modules/npm/lib/utils/pulse-till-done.js:20:8
44 verbose stack     at saved (/usr/local/lib/node_modules/npm/lib/cache/caching-client.js:174:7)
44 verbose stack     at /usr/local/lib/node_modules/npm/node_modules/graceful-fs/polyfills.js:241:18
44 verbose stack     at FSReqWrap.oncomplete (fs.js:123:15)
45 verbose cwd /home/john/Development/aboutjn
46 error Linux 4.4.0-72-generic
47 error argv "/usr/local/bin/node" "/usr/local/bin/npm" "install" "v-localize@1.0.2"
48 error node v6.9.2
49 error npm  v3.10.9
50 error code ETARGET
51 error notarget No compatible version found: v-localize@1.0.2
51 error notarget Valid install targets:
51 error notarget 1.0.1, 1.0.0
52 error notarget This is most likely not a problem with npm itself.
52 error notarget In most cases you or one of your dependencies are requesting
52 error notarget a package version that doesn't exist.
53 verbose exit [ 1, true ]
